#-----------------------------------------------------------
# Vivado v2020.2 (64-bit)
# SW Build 3064766 on Wed Nov 18 09:12:45 MST 2020
# IP Build 3064653 on Wed Nov 18 14:17:31 MST 2020
# Start of session at: Wed Jun 16 20:50:41 2021
# Process ID: 6856
# Current directory: C:/Users/ChiaLing/Documents/ldfinal/final_project_tetris1
# Command line: vivado.exe -gui_launcher_event rodinguilauncherevent5684 C:\Users\ChiaLing\Documents\ldfinal\final_project_tetris1\final_project_tetris1.xpr
# Log file: C:/Users/ChiaLing/Documents/ldfinal/final_project_tetris1/vivado.log
# Journal file: C:/Users/ChiaLing/Documents/ldfinal/final_project_tetris1\vivado.jou
#-----------------------------------------------------------
start_gui
open_project C:/Users/ChiaLing/Documents/ldfinal/final_project_tetris1/final_project_tetris1.xpr
Scanning sources...
Finished scanning sources
INFO: [IP_Flow 19-234] Refreshing IP repositories
INFO: [IP_Flow 19-1704] No user IP repositories specified
INFO: [IP_Flow 19-2313] Loaded Vivado IP repository 'C:/Xilinx/Vivado/2020.2/data/ip'.
open_project: Time (s): cpu = 00:00:12 ; elapsed = 00:00:09 . Memory (MB): peak = 1018.383 ; gain = 0.000
update_compile_order -fileset sources_1
open_hw_manager
WARNING: [IP_Flow 19-4067] Ignoring invalid widget type specified checkbox.Providing a default widget
WARNING: [IP_Flow 19-4067] Ignoring invalid widget type specified checkbox.Providing a default widget
WARNING: [IP_Flow 19-4067] Ignoring invalid widget type specified checkbox.Providing a default widget
WARNING: [IP_Flow 19-4067] Ignoring invalid widget type specified checkbox.Providing a default widget
reset_run synth_1
launch_runs impl_1 -to_step write_bitstream -jobs 2
[Wed Jun 16 20:53:47 2021] Launched synth_1...
Run output will be captured here: C:/Users/ChiaLing/Documents/ldfinal/final_project_tetris1/final_project_tetris1.runs/synth_1/runme.log
[Wed Jun 16 20:53:47 2021] Launched impl_1...
Run output will be captured here: C:/Users/ChiaLing/Documents/ldfinal/final_project_tetris1/final_project_tetris1.runs/impl_1/runme.log
connect_hw_server -allow_non_jtag
INFO: [Labtools 27-2285] Connecting to hw_server url TCP:localhost:3121
INFO: [Labtools 27-3415] Connecting to cs_server url TCP:localhost:3042
INFO: [Labtools 27-3414] Connected to existing cs_server.
open_hw_target
INFO: [Labtoolstcl 44-466] Opening hw_target localhost:3121/xilinx_tcf/Digilent/210183A3878FA
open_hw_target: Time (s): cpu = 00:00:06 ; elapsed = 00:00:06 . Memory (MB): peak = 2463.090 ; gain = 1444.707
set_property PROGRAM.FILE {C:/Users/ChiaLing/Documents/ldfinal/final_project_tetris1/final_project_tetris1.runs/impl_1/top.bit} [get_hw_devices xc7a35t_0]
current_hw_device [get_hw_devices xc7a35t_0]
refresh_hw_device -update_hw_probes false [lindex [get_hw_devices xc7a35t_0] 0]
INFO: [Labtools 27-1434] Device xc7a35t (JTAG device index = 0) is programmed with a design that has no supported debug core(s) in it.
set_property PROBES.FILE {} [get_hw_devices xc7a35t_0]
set_property FULL_PROBES.FILE {} [get_hw_devices xc7a35t_0]
set_property PROGRAM.FILE {C:/Users/ChiaLing/Documents/ldfinal/final_project_tetris1/final_project_tetris1.runs/impl_1/top.bit} [get_hw_devices xc7a35t_0]
program_hw_devices [get_hw_devices xc7a35t_0]
INFO: [Labtools 27-3164] End of startup status: HIGH
refresh_hw_device [lindex [get_hw_devices xc7a35t_0] 0]
INFO: [Labtools 27-1434] Device xc7a35t (JTAG device index = 0) is programmed with a design that has no supported debug core(s) in it.
ERROR: [Labtoolstcl 44-513] HW Target shutdown. Closing target: localhost:3121/xilinx_tcf/Digilent/210183A3878FA
INFO: [Labtoolstcl 44-466] Opening hw_target localhost:3121/xilinx_tcf/Digilent/210183A3878FA
INFO: [Labtools 27-1434] Device xc7a35t (JTAG device index = 0) is programmed with a design that has no supported debug core(s) in it.
WARNING: [Labtoolstcl 44-129] No matching hw_ila_data was found.
ERROR: [Labtoolstcl 44-513] HW Target shutdown. Closing target: localhost:3121/xilinx_tcf/Digilent/210183A3878FA
add_files -norecurse {C:/Users/ChiaLing/Documents/ldfinal/final_project_tetris1/final_project_tetris1.srcs/sources_1/new/music.v C:/Users/ChiaLing/Documents/ldfinal/final_project_tetris1/final_project_tetris1.srcs/sources_1/new/global.v C:/Users/ChiaLing/Documents/ldfinal/final_project_tetris1/final_project_tetris1.srcs/sources_1/new/clock_divisor.v C:/Users/ChiaLing/Documents/ldfinal/final_project_tetris1/final_project_tetris1.srcs/sources_1/new/clock_generator_ma.v C:/Users/ChiaLing/Documents/ldfinal/final_project_tetris1/final_project_tetris1.srcs/sources_1/new/clkgen_2hz.v C:/Users/ChiaLing/Documents/ldfinal/final_project_tetris1/final_project_tetris1.srcs/sources_1/new/note_generation.v C:/Users/ChiaLing/Documents/ldfinal/final_project_tetris1/final_project_tetris1.srcs/sources_1/new/note_division.v C:/Users/ChiaLing/Documents/ldfinal/final_project_tetris1/final_project_tetris1.srcs/sources_1/new/Clock_1Hz.v}
WARNING: [filemgmt 56-12] File 'C:/Users/ChiaLing/Documents/ldfinal/final_project_tetris1/final_project_tetris1.srcs/sources_1/new/music.v' cannot be added to the project because it already exists in the project, skipping this file
WARNING: [filemgmt 56-12] File 'C:/Users/ChiaLing/Documents/ldfinal/final_project_tetris1/final_project_tetris1.srcs/sources_1/new/clock_divisor.v' cannot be added to the project because it already exists in the project, skipping this file
update_compile_order -fileset sources_1
export_ip_user_files -of_objects  [get_files C:/Users/ChiaLing/Documents/ldfinal/final_project_tetris1/final_project_tetris1.srcs/sources_1/new/music.v] -no_script -reset -force -quiet
remove_files  C:/Users/ChiaLing/Documents/ldfinal/final_project_tetris1/final_project_tetris1.srcs/sources_1/new/music.v
add_files -norecurse C:/Users/ChiaLing/Documents/ldfinal/final_project_tetris1/final_project_tetris1.srcs/sources_1/new/top_music.v
update_compile_order -fileset sources_1
add_files -norecurse C:/Users/ChiaLing/Documents/ldfinal/final_project_tetris1/final_project_tetris1.srcs/sources_1/new/speaker_control.v
update_compile_order -fileset sources_1
update_compile_order -fileset sources_1
reset_run synth_1
launch_runs impl_1 -to_step write_bitstream -jobs 2
[Wed Jun 16 21:23:33 2021] Launched synth_1...
Run output will be captured here: C:/Users/ChiaLing/Documents/ldfinal/final_project_tetris1/final_project_tetris1.runs/synth_1/runme.log
[Wed Jun 16 21:23:33 2021] Launched impl_1...
Run output will be captured here: C:/Users/ChiaLing/Documents/ldfinal/final_project_tetris1/final_project_tetris1.runs/impl_1/runme.log
reset_run synth_1
launch_runs impl_1 -to_step write_bitstream -jobs 2
[Wed Jun 16 21:32:07 2021] Launched synth_1...
Run output will be captured here: C:/Users/ChiaLing/Documents/ldfinal/final_project_tetris1/final_project_tetris1.runs/synth_1/runme.log
[Wed Jun 16 21:32:07 2021] Launched impl_1...
Run output will be captured here: C:/Users/ChiaLing/Documents/ldfinal/final_project_tetris1/final_project_tetris1.runs/impl_1/runme.log
reset_run synth_1
launch_runs impl_1 -to_step write_bitstream -jobs 2
[Wed Jun 16 21:39:19 2021] Launched synth_1...
Run output will be captured here: C:/Users/ChiaLing/Documents/ldfinal/final_project_tetris1/final_project_tetris1.runs/synth_1/runme.log
[Wed Jun 16 21:39:20 2021] Launched impl_1...
Run output will be captured here: C:/Users/ChiaLing/Documents/ldfinal/final_project_tetris1/final_project_tetris1.runs/impl_1/runme.log
reset_run synth_1
WARNING: [Vivado 12-1017] Problems encountered:
1. Failed to delete one or more files in run directory C:/Users/ChiaLing/Documents/ldfinal/final_project_tetris1/final_project_tetris1.runs/synth_1

launch_runs impl_1 -to_step write_bitstream -jobs 2
[Wed Jun 16 21:41:52 2021] Launched synth_1...
Run output will be captured here: C:/Users/ChiaLing/Documents/ldfinal/final_project_tetris1/final_project_tetris1.runs/synth_1/runme.log
[Wed Jun 16 21:41:52 2021] Launched impl_1...
Run output will be captured here: C:/Users/ChiaLing/Documents/ldfinal/final_project_tetris1/final_project_tetris1.runs/impl_1/runme.log
INFO: [Labtoolstcl 44-466] Opening hw_target localhost:3121/xilinx_tcf/Digilent/210183A3878FA
INFO: [Labtools 27-1434] Device xc7a35t (JTAG device index = 0) is programmed with a design that has no supported debug core(s) in it.
WARNING: [Labtoolstcl 44-129] No matching hw_ila_data was found.
set_property PROBES.FILE {} [get_hw_devices xc7a35t_0]
set_property FULL_PROBES.FILE {} [get_hw_devices xc7a35t_0]
set_property PROGRAM.FILE {C:/Users/ChiaLing/Documents/ldfinal/final_project_tetris1/final_project_tetris1.runs/impl_1/top.bit} [get_hw_devices xc7a35t_0]
program_hw_devices [get_hw_devices xc7a35t_0]
INFO: [Labtools 27-3164] End of startup status: HIGH
refresh_hw_device [lindex [get_hw_devices xc7a35t_0] 0]
INFO: [Labtools 27-1434] Device xc7a35t (JTAG device index = 0) is programmed with a design that has no supported debug core(s) in it.
ERROR: [Labtoolstcl 44-513] HW Target shutdown. Closing target: localhost:3121/xilinx_tcf/Digilent/210183A3878FA
disconnect_hw_server localhost:3121
connect_hw_server -allow_non_jtag
INFO: [Labtools 27-2285] Connecting to hw_server url TCP:localhost:3121
INFO: [Labtools 27-3415] Connecting to cs_server url TCP:localhost:3042
INFO: [Labtools 27-3414] Connected to existing cs_server.
ERROR: [Labtoolstcl 44-494] There is no active target available for server at localhost.
 Targets(s) ", jsn-Basys3-210183A3878FA" may be locked by another hw_server.
disconnect_hw_server localhost:3121
connect_hw_server -allow_non_jtag
INFO: [Labtools 27-2285] Connecting to hw_server url TCP:localhost:3121
INFO: [Labtools 27-3415] Connecting to cs_server url TCP:localhost:3042
INFO: [Labtools 27-3414] Connected to existing cs_server.
open_hw_target
INFO: [Labtoolstcl 44-466] Opening hw_target localhost:3121/xilinx_tcf/Digilent/210183A3878FA
set_property PROGRAM.FILE {C:/Users/ChiaLing/Documents/ldfinal/final_project_tetris1/final_project_tetris1.runs/impl_1/top.bit} [get_hw_devices xc7a35t_0]
current_hw_device [get_hw_devices xc7a35t_0]
refresh_hw_device -update_hw_probes false [lindex [get_hw_devices xc7a35t_0] 0]
INFO: [Labtools 27-1434] Device xc7a35t (JTAG device index = 0) is programmed with a design that has no supported debug core(s) in it.
set_property PROBES.FILE {} [get_hw_devices xc7a35t_0]
set_property FULL_PROBES.FILE {} [get_hw_devices xc7a35t_0]
set_property PROGRAM.FILE {C:/Users/ChiaLing/Documents/ldfinal/final_project_tetris1/final_project_tetris1.runs/impl_1/top.bit} [get_hw_devices xc7a35t_0]
program_hw_devices [get_hw_devices xc7a35t_0]
INFO: [Labtools 27-3164] End of startup status: HIGH
refresh_hw_device [lindex [get_hw_devices xc7a35t_0] 0]
INFO: [Labtools 27-1434] Device xc7a35t (JTAG device index = 0) is programmed with a design that has no supported debug core(s) in it.
ERROR: [Labtoolstcl 44-513] HW Target shutdown. Closing target: localhost:3121/xilinx_tcf/Digilent/210183A3878FA
reset_run synth_1
launch_runs impl_1 -to_step write_bitstream -jobs 2
[Wed Jun 16 22:00:56 2021] Launched synth_1...
Run output will be captured here: C:/Users/ChiaLing/Documents/ldfinal/final_project_tetris1/final_project_tetris1.runs/synth_1/runme.log
[Wed Jun 16 22:00:56 2021] Launched impl_1...
Run output will be captured here: C:/Users/ChiaLing/Documents/ldfinal/final_project_tetris1/final_project_tetris1.runs/impl_1/runme.log
INFO: [Labtoolstcl 44-466] Opening hw_target localhost:3121/xilinx_tcf/Digilent/210183A3878FA
INFO: [Labtools 27-1434] Device xc7a35t (JTAG device index = 0) is programmed with a design that has no supported debug core(s) in it.
WARNING: [Labtoolstcl 44-129] No matching hw_ila_data was found.
set_property PROBES.FILE {} [get_hw_devices xc7a35t_0]
set_property FULL_PROBES.FILE {} [get_hw_devices xc7a35t_0]
set_property PROGRAM.FILE {C:/Users/ChiaLing/Documents/ldfinal/final_project_tetris1/final_project_tetris1.runs/impl_1/top.bit} [get_hw_devices xc7a35t_0]
program_hw_devices [get_hw_devices xc7a35t_0]
INFO: [Labtools 27-3164] End of startup status: HIGH
refresh_hw_device [lindex [get_hw_devices xc7a35t_0] 0]
INFO: [Labtools 27-1434] Device xc7a35t (JTAG device index = 0) is programmed with a design that has no supported debug core(s) in it.
ERROR: [Labtoolstcl 44-513] HW Target shutdown. Closing target: localhost:3121/xilinx_tcf/Digilent/210183A3878FA
INFO: [Labtoolstcl 44-466] Opening hw_target localhost:3121/xilinx_tcf/Digilent/210183A3878FA
INFO: [Labtools 27-1434] Device xc7a35t (JTAG device index = 0) is programmed with a design that has no supported debug core(s) in it.
WARNING: [Labtoolstcl 44-129] No matching hw_ila_data was found.
set_property PROBES.FILE {} [get_hw_devices xc7a35t_0]
set_property FULL_PROBES.FILE {} [get_hw_devices xc7a35t_0]
set_property PROGRAM.FILE {C:/Users/ChiaLing/Documents/ldfinal/final_project_tetris1/final_project_tetris1.runs/impl_1/top.bit} [get_hw_devices xc7a35t_0]
program_hw_devices [get_hw_devices xc7a35t_0]
INFO: [Labtools 27-3164] End of startup status: HIGH
refresh_hw_device [lindex [get_hw_devices xc7a35t_0] 0]
INFO: [Labtools 27-1434] Device xc7a35t (JTAG device index = 0) is programmed with a design that has no supported debug core(s) in it.
ERROR: [Labtoolstcl 44-513] HW Target shutdown. Closing target: localhost:3121/xilinx_tcf/Digilent/210183A3878FA
exit
INFO: [Common 17-206] Exiting Vivado at Wed Jun 16 22:26:10 2021...
